Flow report for aes_decrypt
Mon Dec  8 14:45:44 2014
Quartus II 64-Bit Version 14.0.0 Build 200 06/17/2014 SJ Full Version


---------------------
; Table of Contents ;
---------------------
  1. Legal Notice
  2. Flow Summary
  3. Flow Settings
  4. Flow Non-Default Global Settings
  5. Flow Elapsed Time
  6. Flow OS Summary
  7. Flow Log
  8. Flow Messages
  9. Flow Suppressed Messages



----------------
; Legal Notice ;
----------------
Copyright (C) 1991-2014 Altera Corporation. All rights reserved.
Your use of Altera Corporation's design tools, logic functions 
and other software and tools, and its AMPP partner logic 
functions, and any output files from any of the foregoing 
(including device programming or simulation files), and any 
associated documentation or information are expressly subject 
to the terms and conditions of the Altera Program License 
Subscription Agreement, the Altera Quartus II License Agreement,
the Altera MegaCore Function License Agreement, or other 
applicable license agreement, including, without limitation, 
that your use is for the sole purpose of programming logic 
devices manufactured by Altera and sold by Altera or its 
authorized distributors.  Please refer to the applicable 
agreement for further details.



+----------------------------------------------------------------------------------+
; Flow Summary                                                                     ;
+------------------------------------+---------------------------------------------+
; Flow Status                        ; Successful - Mon Dec  8 14:45:44 2014       ;
; Quartus II 64-Bit Version          ; 14.0.0 Build 200 06/17/2014 SJ Full Version ;
; Revision Name                      ; aes_decrypt                                 ;
; Top-level Entity Name              ; aes_inv_cipher_top                          ;
; Family                             ; Cyclone IV GX                               ;
; Device                             ; EP4CGX150DF31C7                             ;
; Timing Models                      ; Final                                       ;
; Total logic elements               ; 5,118                                       ;
;     Total combinational functions  ; 4,989                                       ;
;     Dedicated logic registers      ; 536                                         ;
; Total registers                    ; 536                                         ;
; Total pins                         ; 389                                         ;
; Total virtual pins                 ; 0                                           ;
; Total memory bits                  ; 1,408                                       ;
; Embedded Multiplier 9-bit elements ; 0                                           ;
; Total GXB Receiver Channel PCS     ; 0                                           ;
; Total GXB Receiver Channel PMA     ; 0                                           ;
; Total GXB Transmitter Channel PCS  ; 0                                           ;
; Total GXB Transmitter Channel PMA  ; 0                                           ;
; Total PLLs                         ; 0                                           ;
+------------------------------------+---------------------------------------------+


+-----------------------------------------+
; Flow Settings                           ;
+-------------------+---------------------+
; Option            ; Setting             ;
+-------------------+---------------------+
; Start date & time ; 12/08/2014 14:44:50 ;
; Main task         ; Compilation         ;
; Revision Name     ; aes_decrypt         ;
+-------------------+---------------------+


+-----------------------------------------------------------------------------------------------------------------------------------+
; Flow Non-Default Global Settings                                                                                                  ;
+-------------------------------------+---------------------------------------+---------------+--------------------+----------------+
; Assignment Name                     ; Value                                 ; Default Value ; Entity Name        ; Section Id     ;
+-------------------------------------+---------------------------------------+---------------+--------------------+----------------+
; COMPILER_SIGNATURE_ID               ; 119004503457942.141804989024918       ; --            ; --                 ; --             ;
; EDA_OUTPUT_DATA_FORMAT              ; Verilog Hdl                           ; --            ; --                 ; eda_simulation ;
; EDA_SIMULATION_TOOL                 ; ModelSim-Altera (Verilog)             ; <None>        ; --                 ; --             ;
; MAX_CORE_JUNCTION_TEMP              ; 85                                    ; --            ; --                 ; --             ;
; MIN_CORE_JUNCTION_TEMP              ; 0                                     ; --            ; --                 ; --             ;
; NOMINAL_CORE_SUPPLY_VOLTAGE         ; 1.2V                                  ; --            ; --                 ; --             ;
; PARTITION_COLOR                     ; 16764057                              ; --            ; aes_inv_cipher_top ; Top            ;
; PARTITION_FITTER_PRESERVATION_LEVEL ; PLACEMENT_AND_ROUTING                 ; --            ; aes_inv_cipher_top ; Top            ;
; PARTITION_NETLIST_TYPE              ; SOURCE                                ; --            ; aes_inv_cipher_top ; Top            ;
; POWER_BOARD_THERMAL_MODEL           ; None (CONSERVATIVE)                   ; --            ; --                 ; --             ;
; POWER_PRESET_COOLING_SOLUTION       ; 23 MM HEAT SINK WITH 200 LFPM AIRFLOW ; --            ; --                 ; --             ;
; PROJECT_OUTPUT_DIRECTORY            ; output_files                          ; --            ; --                 ; --             ;
; TOP_LEVEL_ENTITY                    ; aes_inv_cipher_top                    ; aes_decrypt   ; --                 ; --             ;
+-------------------------------------+---------------------------------------+---------------+--------------------+----------------+


+--------------------------------------------------------------------------------------------------------------------------+
; Flow Elapsed Time                                                                                                        ;
+----------------------+--------------+-------------------------+---------------------+------------------------------------+
; Module Name          ; Elapsed Time ; Average Processors Used ; Peak Virtual Memory ; Total CPU Time (on all processors) ;
+----------------------+--------------+-------------------------+---------------------+------------------------------------+
; Analysis & Synthesis ; 00:00:55     ; 1.0                     ; 925 MB              ; 00:00:54                           ;
; Total                ; 00:00:55     ; --                      ; --                  ; 00:00:54                           ;
+----------------------+--------------+-------------------------+---------------------+------------------------------------+


+----------------------------------------------------------------------------------------+
; Flow OS Summary                                                                        ;
+----------------------+------------------+----------------+------------+----------------+
; Module Name          ; Machine Hostname ; OS Name        ; OS Version ; Processor type ;
+----------------------+------------------+----------------+------------+----------------+
; Analysis & Synthesis ; Bony-ICL         ; Ubuntu 12.04.5 ; 12         ; x86_64         ;
+----------------------+------------------+----------------+------------+----------------+


------------
; Flow Log ;
------------
quartus_map --read_settings_files=on --write_settings_files=off aes_decrypt -c aes_decrypt



