Analysis & Synthesis report for aes_decrypt
Mon Dec  8 14:45:44 2014
Quartus II 64-Bit Version 14.0.0 Build 200 06/17/2014 SJ Full Version


---------------------
; Table of Contents ;
---------------------
  1. Legal Notice
  2. Analysis & Synthesis Summary
  3. Analysis & Synthesis Settings
  4. Parallel Compilation
  5. Analysis & Synthesis Source Files Read
  6. Analysis & Synthesis Resource Usage Summary
  7. Analysis & Synthesis Resource Utilization by Entity
  8. Analysis & Synthesis RAM Summary
  9. Registers Removed During Synthesis
 10. General Register Statistics
 11. Registers Packed Into Inferred Megafunctions
 12. Multiplexer Restructuring Statistics (Restructuring Performed)
 13. Source assignments for altsyncram:kb_rtl_0|altsyncram_c3h1:auto_generated
 14. Parameter Settings for Inferred Entity Instance: altsyncram:kb_rtl_0
 15. altsyncram Parameter Settings by Entity Instance
 16. Post-Synthesis Netlist Statistics for Top Partition
 17. Elapsed Time Per Partition
 18. Analysis & Synthesis Messages



----------------
; Legal Notice ;
----------------
Copyright (C) 1991-2014 Altera Corporation. All rights reserved.
Your use of Altera Corporation's design tools, logic functions 
and other software and tools, and its AMPP partner logic 
functions, and any output files from any of the foregoing 
(including device programming or simulation files), and any 
associated documentation or information are expressly subject 
to the terms and conditions of the Altera Program License 
Subscription Agreement, the Altera Quartus II License Agreement,
the Altera MegaCore Function License Agreement, or other 
applicable license agreement, including, without limitation, 
that your use is for the sole purpose of programming logic 
devices manufactured by Altera and sold by Altera or its 
authorized distributors.  Please refer to the applicable 
agreement for further details.



+----------------------------------------------------------------------------------+
; Analysis & Synthesis Summary                                                     ;
+------------------------------------+---------------------------------------------+
; Analysis & Synthesis Status        ; Successful - Mon Dec  8 14:45:44 2014       ;
; Quartus II 64-Bit Version          ; 14.0.0 Build 200 06/17/2014 SJ Full Version ;
; Revision Name                      ; aes_decrypt                                 ;
; Top-level Entity Name              ; aes_inv_cipher_top                          ;
; Family                             ; Cyclone IV GX                               ;
; Total logic elements               ; 5,118                                       ;
;     Total combinational functions  ; 4,989                                       ;
;     Dedicated logic registers      ; 536                                         ;
; Total registers                    ; 536                                         ;
; Total pins                         ; 389                                         ;
; Total virtual pins                 ; 0                                           ;
; Total memory bits                  ; 1,408                                       ;
; Embedded Multiplier 9-bit elements ; 0                                           ;
; Total GXB Receiver Channel PCS     ; 0                                           ;
; Total GXB Receiver Channel PMA     ; 0                                           ;
; Total GXB Transmitter Channel PCS  ; 0                                           ;
; Total GXB Transmitter Channel PMA  ; 0                                           ;
; Total PLLs                         ; 0                                           ;
+------------------------------------+---------------------------------------------+


+----------------------------------------------------------------------------------------------------------------------+
; Analysis & Synthesis Settings                                                                                        ;
+----------------------------------------------------------------------------+--------------------+--------------------+
; Option                                                                     ; Setting            ; Default Value      ;
+----------------------------------------------------------------------------+--------------------+--------------------+
; Device                                                                     ; EP4CGX150DF31C7    ;                    ;
; Top-level entity name                                                      ; aes_inv_cipher_top ; aes_decrypt        ;
; Family name                                                                ; Cyclone IV GX      ; Cyclone IV GX      ;
; Use smart compilation                                                      ; Off                ; Off                ;
; Enable parallel Assembler and TimeQuest Timing Analyzer during compilation ; On                 ; On                 ;
; Enable compact report table                                                ; Off                ; Off                ;
; Restructure Multiplexers                                                   ; Auto               ; Auto               ;
; Create Debugging Nodes for IP Cores                                        ; Off                ; Off                ;
; Preserve fewer node names                                                  ; On                 ; On                 ;
; Disable OpenCore Plus hardware evaluation                                  ; Off                ; Off                ;
; Verilog Version                                                            ; Verilog_2001       ; Verilog_2001       ;
; VHDL Version                                                               ; VHDL_1993          ; VHDL_1993          ;
; State Machine Processing                                                   ; Auto               ; Auto               ;
; Safe State Machine                                                         ; Off                ; Off                ;
; Extract Verilog State Machines                                             ; On                 ; On                 ;
; Extract VHDL State Machines                                                ; On                 ; On                 ;
; Ignore Verilog initial constructs                                          ; Off                ; Off                ;
; Iteration limit for constant Verilog loops                                 ; 5000               ; 5000               ;
; Iteration limit for non-constant Verilog loops                             ; 250                ; 250                ;
; Add Pass-Through Logic to Inferred RAMs                                    ; On                 ; On                 ;
; Infer RAMs from Raw Logic                                                  ; On                 ; On                 ;
; Parallel Synthesis                                                         ; On                 ; On                 ;
; DSP Block Balancing                                                        ; Auto               ; Auto               ;
; NOT Gate Push-Back                                                         ; On                 ; On                 ;
; Power-Up Don't Care                                                        ; On                 ; On                 ;
; Remove Redundant Logic Cells                                               ; Off                ; Off                ;
; Remove Duplicate Registers                                                 ; On                 ; On                 ;
; Ignore CARRY Buffers                                                       ; Off                ; Off                ;
; Ignore CASCADE Buffers                                                     ; Off                ; Off                ;
; Ignore GLOBAL Buffers                                                      ; Off                ; Off                ;
; Ignore ROW GLOBAL Buffers                                                  ; Off                ; Off                ;
; Ignore LCELL Buffers                                                       ; Off                ; Off                ;
; Ignore SOFT Buffers                                                        ; On                 ; On                 ;
; Limit AHDL Integers to 32 Bits                                             ; Off                ; Off                ;
; Optimization Technique                                                     ; Balanced           ; Balanced           ;
; Carry Chain Length                                                         ; 70                 ; 70                 ;
; Auto Carry Chains                                                          ; On                 ; On                 ;
; Auto Open-Drain Pins                                                       ; On                 ; On                 ;
; Perform WYSIWYG Primitive Resynthesis                                      ; Off                ; Off                ;
; Auto ROM Replacement                                                       ; On                 ; On                 ;
; Auto RAM Replacement                                                       ; On                 ; On                 ;
; Auto DSP Block Replacement                                                 ; On                 ; On                 ;
; Auto Shift Register Replacement                                            ; Auto               ; Auto               ;
; Allow Shift Register Merging across Hierarchies                            ; Auto               ; Auto               ;
; Auto Clock Enable Replacement                                              ; On                 ; On                 ;
; Strict RAM Replacement                                                     ; Off                ; Off                ;
; Allow Synchronous Control Signals                                          ; On                 ; On                 ;
; Force Use of Synchronous Clear Signals                                     ; Off                ; Off                ;
; Auto RAM Block Balancing                                                   ; On                 ; On                 ;
; Auto RAM to Logic Cell Conversion                                          ; Off                ; Off                ;
; Auto Resource Sharing                                                      ; Off                ; Off                ;
; Allow Any RAM Size For Recognition                                         ; Off                ; Off                ;
; Allow Any ROM Size For Recognition                                         ; Off                ; Off                ;
; Allow Any Shift Register Size For Recognition                              ; Off                ; Off                ;
; Use LogicLock Constraints during Resource Balancing                        ; On                 ; On                 ;
; Ignore translate_off and synthesis_off directives                          ; Off                ; Off                ;
; Timing-Driven Synthesis                                                    ; On                 ; On                 ;
; Report Parameter Settings                                                  ; On                 ; On                 ;
; Report Source Assignments                                                  ; On                 ; On                 ;
; Report Connectivity Checks                                                 ; On                 ; On                 ;
; Ignore Maximum Fan-Out Assignments                                         ; Off                ; Off                ;
; Synchronization Register Chain Length                                      ; 2                  ; 2                  ;
; PowerPlay Power Optimization                                               ; Normal compilation ; Normal compilation ;
; HDL message level                                                          ; Level2             ; Level2             ;
; Suppress Register Optimization Related Messages                            ; Off                ; Off                ;
; Number of Removed Registers Reported in Synthesis Report                   ; 5000               ; 5000               ;
; Number of Swept Nodes Reported in Synthesis Report                         ; 5000               ; 5000               ;
; Number of Inverted Registers Reported in Synthesis Report                  ; 100                ; 100                ;
; Clock MUX Protection                                                       ; On                 ; On                 ;
; Auto Gated Clock Conversion                                                ; Off                ; Off                ;
; Block Design Naming                                                        ; Auto               ; Auto               ;
; SDC constraint protection                                                  ; Off                ; Off                ;
; Synthesis Effort                                                           ; Auto               ; Auto               ;
; Shift Register Replacement - Allow Asynchronous Clear Signal               ; On                 ; On                 ;
; Pre-Mapping Resynthesis Optimization                                       ; Off                ; Off                ;
; Analysis & Synthesis Message Level                                         ; Medium             ; Medium             ;
; Disable Register Merging Across Hierarchies                                ; Auto               ; Auto               ;
; Resource Aware Inference For Block RAM                                     ; On                 ; On                 ;
; Synthesis Seed                                                             ; 1                  ; 1                  ;
+----------------------------------------------------------------------------+--------------------+--------------------+


+------------------------------------------+
; Parallel Compilation                     ;
+----------------------------+-------------+
; Processors                 ; Number      ;
+----------------------------+-------------+
; Number detected on machine ; 8           ;
; Maximum allowed            ; 4           ;
;                            ;             ;
; Average used               ; 1.00        ;
; Maximum used               ; 4           ;
;                            ;             ;
; Usage by Processor         ; % Time Used ;
;     Processor 1            ; 100.0%      ;
;     Processors 2-4         ; < 0.1%      ;
;     Processors 5-8         ;   0.0%      ;
+----------------------------+-------------+


+-----------------------------------------------------------------------------------------------------------------------------------------------------------------------------------------------------------------------------------------------------+
; Analysis & Synthesis Source Files Read                                                                                                                                                                                                              ;
+---------------------------------------------------------------------------------------+-----------------+------------------------------+--------------------------------------------------------------------------------------------------+---------+
; File Name with User-Entered Path                                                      ; Used in Netlist ; File Type                    ; File Name with Absolute Path                                                                     ; Library ;
+---------------------------------------------------------------------------------------+-----------------+------------------------------+--------------------------------------------------------------------------------------------------+---------+
; ../rtl/aes_sbox.v                                                                     ; yes             ; User Verilog HDL File        ; /home/bony/Workspace/PhD/CipherCloud_FPGA/altera/de2i-150/AES_Decrypt/rtl/aes_sbox.v             ;         ;
; ../rtl/aes_rcon.v                                                                     ; yes             ; User Verilog HDL File        ; /home/bony/Workspace/PhD/CipherCloud_FPGA/altera/de2i-150/AES_Decrypt/rtl/aes_rcon.v             ;         ;
; ../rtl/aes_key_expand_128.v                                                           ; yes             ; User Verilog HDL File        ; /home/bony/Workspace/PhD/CipherCloud_FPGA/altera/de2i-150/AES_Decrypt/rtl/aes_key_expand_128.v   ;         ;
; ../rtl/aes_inv_sbox.v                                                                 ; yes             ; User Verilog HDL File        ; /home/bony/Workspace/PhD/CipherCloud_FPGA/altera/de2i-150/AES_Decrypt/rtl/aes_inv_sbox.v         ;         ;
; ../rtl/aes_inv_cipher_top.v                                                           ; yes             ; User Verilog HDL File        ; /home/bony/Workspace/PhD/CipherCloud_FPGA/altera/de2i-150/AES_Decrypt/rtl/aes_inv_cipher_top.v   ;         ;
; /home/bony/Workspace/PhD/CipherCloud_FPGA/altera/de2i-150/AES_Decrypt/rtl/timescale.v ; yes             ; Auto-Found Verilog HDL File  ; /home/bony/Workspace/PhD/CipherCloud_FPGA/altera/de2i-150/AES_Decrypt/rtl/timescale.v            ;         ;
; altsyncram.tdf                                                                        ; yes             ; Megafunction                 ; /home/bony/altera/14.0/quartus/libraries/megafunctions/altsyncram.tdf                            ;         ;
; stratix_ram_block.inc                                                                 ; yes             ; Megafunction                 ; /home/bony/altera/14.0/quartus/libraries/megafunctions/stratix_ram_block.inc                     ;         ;
; lpm_mux.inc                                                                           ; yes             ; Megafunction                 ; /home/bony/altera/14.0/quartus/libraries/megafunctions/lpm_mux.inc                               ;         ;
; lpm_decode.inc                                                                        ; yes             ; Megafunction                 ; /home/bony/altera/14.0/quartus/libraries/megafunctions/lpm_decode.inc                            ;         ;
; aglobal140.inc                                                                        ; yes             ; Megafunction                 ; /home/bony/altera/14.0/quartus/libraries/megafunctions/aglobal140.inc                            ;         ;
; a_rdenreg.inc                                                                         ; yes             ; Megafunction                 ; /home/bony/altera/14.0/quartus/libraries/megafunctions/a_rdenreg.inc                             ;         ;
; altrom.inc                                                                            ; yes             ; Megafunction                 ; /home/bony/altera/14.0/quartus/libraries/megafunctions/altrom.inc                                ;         ;
; altram.inc                                                                            ; yes             ; Megafunction                 ; /home/bony/altera/14.0/quartus/libraries/megafunctions/altram.inc                                ;         ;
; altdpram.inc                                                                          ; yes             ; Megafunction                 ; /home/bony/altera/14.0/quartus/libraries/megafunctions/altdpram.inc                              ;         ;
; db/altsyncram_c3h1.tdf                                                                ; yes             ; Auto-Generated Megafunction  ; /home/bony/Workspace/PhD/CipherCloud_FPGA/altera/de2i-150/AES_Decrypt/run/db/altsyncram_c3h1.tdf ;         ;
+---------------------------------------------------------------------------------------+-----------------+------------------------------+--------------------------------------------------------------------------------------------------+---------+


+---------------------------------------------+
; Analysis & Synthesis Resource Usage Summary ;
+--------------------------+------------------+
; Resource                 ; Usage            ;
+--------------------------+------------------+
; I/O pins                 ; 389              ;
; Total memory bits        ; 1408             ;
; DSP block 9-bit elements ; 0                ;
; Maximum fan-out node     ; clk~input        ;
; Maximum fan-out          ; 664              ;
; Total fan-out            ; 22798            ;
; Average fan-out          ; 3.55             ;
+--------------------------+------------------+


+--------------------------------------------------------------------------------------------------------------------------------------------------------------------------------------------------------------------------------------------------------+
; Analysis & Synthesis Resource Utilization by Entity                                                                                                                                                                                                    ;
+----------------------------------------+-------------------+--------------+-------------+--------------+---------+-----------+-----------+------+--------------+------------------------------------------------------------------------+--------------+
; Compilation Hierarchy Node             ; LC Combinationals ; LC Registers ; Memory Bits ; DSP Elements ; DSP 9x9 ; DSP 18x18 ; DSP 36x36 ; Pins ; Virtual Pins ; Full Hierarchy Name                                                    ; Library Name ;
+----------------------------------------+-------------------+--------------+-------------+--------------+---------+-----------+-----------+------+--------------+------------------------------------------------------------------------+--------------+
; |aes_inv_cipher_top                    ; 4989 (697)        ; 536 (396)    ; 1408        ; 0            ; 0       ; 0         ; 0         ; 389  ; 0            ; |aes_inv_cipher_top                                                    ; work         ;
;    |aes_inv_sbox:us00|                 ; 203 (203)         ; 0 (0)        ; 0           ; 0            ; 0       ; 0         ; 0         ; 0    ; 0            ; |aes_inv_cipher_top|aes_inv_sbox:us00                                  ; work         ;
;    |aes_inv_sbox:us01|                 ; 204 (204)         ; 0 (0)        ; 0           ; 0            ; 0       ; 0         ; 0         ; 0    ; 0            ; |aes_inv_cipher_top|aes_inv_sbox:us01                                  ; work         ;
;    |aes_inv_sbox:us02|                 ; 208 (208)         ; 0 (0)        ; 0           ; 0            ; 0       ; 0         ; 0         ; 0    ; 0            ; |aes_inv_cipher_top|aes_inv_sbox:us02                                  ; work         ;
;    |aes_inv_sbox:us03|                 ; 208 (208)         ; 0 (0)        ; 0           ; 0            ; 0       ; 0         ; 0         ; 0    ; 0            ; |aes_inv_cipher_top|aes_inv_sbox:us03                                  ; work         ;
;    |aes_inv_sbox:us10|                 ; 208 (208)         ; 0 (0)        ; 0           ; 0            ; 0       ; 0         ; 0         ; 0    ; 0            ; |aes_inv_cipher_top|aes_inv_sbox:us10                                  ; work         ;
;    |aes_inv_sbox:us11|                 ; 208 (208)         ; 0 (0)        ; 0           ; 0            ; 0       ; 0         ; 0         ; 0    ; 0            ; |aes_inv_cipher_top|aes_inv_sbox:us11                                  ; work         ;
;    |aes_inv_sbox:us12|                 ; 208 (208)         ; 0 (0)        ; 0           ; 0            ; 0       ; 0         ; 0         ; 0    ; 0            ; |aes_inv_cipher_top|aes_inv_sbox:us12                                  ; work         ;
;    |aes_inv_sbox:us13|                 ; 208 (208)         ; 0 (0)        ; 0           ; 0            ; 0       ; 0         ; 0         ; 0    ; 0            ; |aes_inv_cipher_top|aes_inv_sbox:us13                                  ; work         ;
;    |aes_inv_sbox:us20|                 ; 208 (208)         ; 0 (0)        ; 0           ; 0            ; 0       ; 0         ; 0         ; 0    ; 0            ; |aes_inv_cipher_top|aes_inv_sbox:us20                                  ; work         ;
;    |aes_inv_sbox:us21|                 ; 208 (208)         ; 0 (0)        ; 0           ; 0            ; 0       ; 0         ; 0         ; 0    ; 0            ; |aes_inv_cipher_top|aes_inv_sbox:us21                                  ; work         ;
;    |aes_inv_sbox:us22|                 ; 204 (204)         ; 0 (0)        ; 0           ; 0            ; 0       ; 0         ; 0         ; 0    ; 0            ; |aes_inv_cipher_top|aes_inv_sbox:us22                                  ; work         ;
;    |aes_inv_sbox:us23|                 ; 208 (208)         ; 0 (0)        ; 0           ; 0            ; 0       ; 0         ; 0         ; 0    ; 0            ; |aes_inv_cipher_top|aes_inv_sbox:us23                                  ; work         ;
;    |aes_inv_sbox:us30|                 ; 208 (208)         ; 0 (0)        ; 0           ; 0            ; 0       ; 0         ; 0         ; 0    ; 0            ; |aes_inv_cipher_top|aes_inv_sbox:us30                                  ; work         ;
;    |aes_inv_sbox:us31|                 ; 208 (208)         ; 0 (0)        ; 0           ; 0            ; 0       ; 0         ; 0         ; 0    ; 0            ; |aes_inv_cipher_top|aes_inv_sbox:us31                                  ; work         ;
;    |aes_inv_sbox:us32|                 ; 208 (208)         ; 0 (0)        ; 0           ; 0            ; 0       ; 0         ; 0         ; 0    ; 0            ; |aes_inv_cipher_top|aes_inv_sbox:us32                                  ; work         ;
;    |aes_inv_sbox:us33|                 ; 208 (208)         ; 0 (0)        ; 0           ; 0            ; 0       ; 0         ; 0         ; 0    ; 0            ; |aes_inv_cipher_top|aes_inv_sbox:us33                                  ; work         ;
;    |aes_key_expand_128:u0|             ; 977 (133)         ; 140 (128)    ; 0           ; 0            ; 0       ; 0         ; 0         ; 0    ; 0            ; |aes_inv_cipher_top|aes_key_expand_128:u0                              ; work         ;
;       |aes_rcon:r0|                    ; 12 (12)           ; 12 (12)      ; 0           ; 0            ; 0       ; 0         ; 0         ; 0    ; 0            ; |aes_inv_cipher_top|aes_key_expand_128:u0|aes_rcon:r0                  ; work         ;
;       |aes_sbox:u0|                    ; 208 (208)         ; 0 (0)        ; 0           ; 0            ; 0       ; 0         ; 0         ; 0    ; 0            ; |aes_inv_cipher_top|aes_key_expand_128:u0|aes_sbox:u0                  ; work         ;
;       |aes_sbox:u1|                    ; 208 (208)         ; 0 (0)        ; 0           ; 0            ; 0       ; 0         ; 0         ; 0    ; 0            ; |aes_inv_cipher_top|aes_key_expand_128:u0|aes_sbox:u1                  ; work         ;
;       |aes_sbox:u2|                    ; 208 (208)         ; 0 (0)        ; 0           ; 0            ; 0       ; 0         ; 0         ; 0    ; 0            ; |aes_inv_cipher_top|aes_key_expand_128:u0|aes_sbox:u2                  ; work         ;
;       |aes_sbox:u3|                    ; 208 (208)         ; 0 (0)        ; 0           ; 0            ; 0       ; 0         ; 0         ; 0    ; 0            ; |aes_inv_cipher_top|aes_key_expand_128:u0|aes_sbox:u3                  ; work         ;
;    |altsyncram:kb_rtl_0|               ; 0 (0)             ; 0 (0)        ; 1408        ; 0            ; 0       ; 0         ; 0         ; 0    ; 0            ; |aes_inv_cipher_top|altsyncram:kb_rtl_0                                ; work         ;
;       |altsyncram_c3h1:auto_generated| ; 0 (0)             ; 0 (0)        ; 1408        ; 0            ; 0       ; 0         ; 0         ; 0    ; 0            ; |aes_inv_cipher_top|altsyncram:kb_rtl_0|altsyncram_c3h1:auto_generated ; work         ;
+----------------------------------------+-------------------+--------------+-------------+--------------+---------+-----------+-----------+------+--------------+------------------------------------------------------------------------+--------------+
Note: For table entries with two numbers listed, the numbers in parentheses indicate the number of resources of the given type used by the specific entity alone. The numbers listed outside of parentheses indicate the total resources of the given type used by the specific entity and all of its sub-entities in the hierarchy.


+-------------------------------------------------------------------------------------------------------------------------------------------------------------------+
; Analysis & Synthesis RAM Summary                                                                                                                                  ;
+---------------------------------------------------------------+------+------------------+--------------+--------------+--------------+--------------+------+------+
; Name                                                          ; Type ; Mode             ; Port A Depth ; Port A Width ; Port B Depth ; Port B Width ; Size ; MIF  ;
+---------------------------------------------------------------+------+------------------+--------------+--------------+--------------+--------------+------+------+
; altsyncram:kb_rtl_0|altsyncram_c3h1:auto_generated|ALTSYNCRAM ; AUTO ; Simple Dual Port ; 11           ; 128          ; 11           ; 128          ; 1408 ; None ;
+---------------------------------------------------------------+------+------------------+--------------+--------------+--------------+--------------+------+------+


+---------------------------------------------------------------------------------------+
; Registers Removed During Synthesis                                                    ;
+----------------------------------------------+----------------------------------------+
; Register name                                ; Reason for Removal                     ;
+----------------------------------------------+----------------------------------------+
; aes_key_expand_128:u0|aes_rcon:r0|out[0..23] ; Stuck at GND due to stuck port data_in ;
; Total Number of Removed Registers = 24       ;                                        ;
+----------------------------------------------+----------------------------------------+


+------------------------------------------------------+
; General Register Statistics                          ;
+----------------------------------------------+-------+
; Statistic                                    ; Value ;
+----------------------------------------------+-------+
; Total registers                              ; 536   ;
; Number of registers using Synchronous Clear  ; 8     ;
; Number of registers using Synchronous Load   ; 129   ;
; Number of registers using Asynchronous Clear ; 0     ;
; Number of registers using Asynchronous Load  ; 0     ;
; Number of registers using Clock Enable       ; 132   ;
; Number of registers using Preset             ; 0     ;
+----------------------------------------------+-------+


+----------------------------------------------+
; Registers Packed Into Inferred Megafunctions ;
+---------------+--------------+---------------+
; Register Name ; Megafunction ; Type          ;
+---------------+--------------+---------------+
; w0[0..31]     ; kb_rtl_0     ; RAM           ;
; w1[0..31]     ; kb_rtl_0     ; RAM           ;
; w2[0..31]     ; kb_rtl_0     ; RAM           ;
; w3[0..31]     ; kb_rtl_0     ; RAM           ;
+---------------+--------------+---------------+


+-------------------------------------------------------------------------------------------------------------------------------------------+
; Multiplexer Restructuring Statistics (Restructuring Performed)                                                                            ;
+--------------------+-----------+---------------+----------------------+------------------------+------------+-----------------------------+
; Multiplexer Inputs ; Bus Width ; Baseline Area ; Area if Restructured ; Saving if Restructured ; Registered ; Example Multiplexer Output  ;
+--------------------+-----------+---------------+----------------------+------------------------+------------+-----------------------------+
; 4:1                ; 4 bits    ; 8 LEs         ; 8 LEs                ; 0 LEs                  ; Yes        ; |aes_inv_cipher_top|dcnt[1] ;
; 4:1                ; 4 bits    ; 8 LEs         ; 4 LEs                ; 4 LEs                  ; Yes        ; |aes_inv_cipher_top|kcnt[0] ;
+--------------------+-----------+---------------+----------------------+------------------------+------------+-----------------------------+


+---------------------------------------------------------------------------+
; Source assignments for altsyncram:kb_rtl_0|altsyncram_c3h1:auto_generated ;
+---------------------------------+--------------------+------+-------------+
; Assignment                      ; Value              ; From ; To          ;
+---------------------------------+--------------------+------+-------------+
; OPTIMIZE_POWER_DURING_SYNTHESIS ; NORMAL_COMPILATION ; -    ; -           ;
+---------------------------------+--------------------+------+-------------+


+----------------------------------------------------------------------------+
; Parameter Settings for Inferred Entity Instance: altsyncram:kb_rtl_0       ;
+------------------------------------+----------------------+----------------+
; Parameter Name                     ; Value                ; Type           ;
+------------------------------------+----------------------+----------------+
; BYTE_SIZE_BLOCK                    ; 8                    ; Untyped        ;
; AUTO_CARRY_CHAINS                  ; ON                   ; AUTO_CARRY     ;
; IGNORE_CARRY_BUFFERS               ; OFF                  ; IGNORE_CARRY   ;
; AUTO_CASCADE_CHAINS                ; ON                   ; AUTO_CASCADE   ;
; IGNORE_CASCADE_BUFFERS             ; OFF                  ; IGNORE_CASCADE ;
; WIDTH_BYTEENA                      ; 1                    ; Untyped        ;
; OPERATION_MODE                     ; DUAL_PORT            ; Untyped        ;
; WIDTH_A                            ; 128                  ; Untyped        ;
; WIDTHAD_A                          ; 4                    ; Untyped        ;
; NUMWORDS_A                         ; 11                   ; Untyped        ;
; OUTDATA_REG_A                      ; UNREGISTERED         ; Untyped        ;
; ADDRESS_ACLR_A                     ; NONE                 ; Untyped        ;
; OUTDATA_ACLR_A                     ; NONE                 ; Untyped        ;
; WRCONTROL_ACLR_A                   ; NONE                 ; Untyped        ;
; INDATA_ACLR_A                      ; NONE                 ; Untyped        ;
; BYTEENA_ACLR_A                     ; NONE                 ; Untyped        ;
; WIDTH_B                            ; 128                  ; Untyped        ;
; WIDTHAD_B                          ; 4                    ; Untyped        ;
; NUMWORDS_B                         ; 11                   ; Untyped        ;
; INDATA_REG_B                       ; CLOCK1               ; Untyped        ;
; WRCONTROL_WRADDRESS_REG_B          ; CLOCK1               ; Untyped        ;
; RDCONTROL_REG_B                    ; CLOCK1               ; Untyped        ;
; ADDRESS_REG_B                      ; CLOCK0               ; Untyped        ;
; OUTDATA_REG_B                      ; UNREGISTERED         ; Untyped        ;
; BYTEENA_REG_B                      ; CLOCK1               ; Untyped        ;
; INDATA_ACLR_B                      ; NONE                 ; Untyped        ;
; WRCONTROL_ACLR_B                   ; NONE                 ; Untyped        ;
; ADDRESS_ACLR_B                     ; NONE                 ; Untyped        ;
; OUTDATA_ACLR_B                     ; NONE                 ; Untyped        ;
; RDCONTROL_ACLR_B                   ; NONE                 ; Untyped        ;
; BYTEENA_ACLR_B                     ; NONE                 ; Untyped        ;
; WIDTH_BYTEENA_A                    ; 1                    ; Untyped        ;
; WIDTH_BYTEENA_B                    ; 1                    ; Untyped        ;
; RAM_BLOCK_TYPE                     ; AUTO                 ; Untyped        ;
; BYTE_SIZE                          ; 8                    ; Untyped        ;
; READ_DURING_WRITE_MODE_MIXED_PORTS ; OLD_DATA             ; Untyped        ;
; READ_DURING_WRITE_MODE_PORT_A      ; NEW_DATA_NO_NBE_READ ; Untyped        ;
; READ_DURING_WRITE_MODE_PORT_B      ; NEW_DATA_NO_NBE_READ ; Untyped        ;
; INIT_FILE                          ; UNUSED               ; Untyped        ;
; INIT_FILE_LAYOUT                   ; PORT_A               ; Untyped        ;
; MAXIMUM_DEPTH                      ; 0                    ; Untyped        ;
; CLOCK_ENABLE_INPUT_A               ; NORMAL               ; Untyped        ;
; CLOCK_ENABLE_INPUT_B               ; NORMAL               ; Untyped        ;
; CLOCK_ENABLE_OUTPUT_A              ; NORMAL               ; Untyped        ;
; CLOCK_ENABLE_OUTPUT_B              ; NORMAL               ; Untyped        ;
; CLOCK_ENABLE_CORE_A                ; USE_INPUT_CLKEN      ; Untyped        ;
; CLOCK_ENABLE_CORE_B                ; USE_INPUT_CLKEN      ; Untyped        ;
; ENABLE_ECC                         ; FALSE                ; Untyped        ;
; ECC_PIPELINE_STAGE_ENABLED         ; FALSE                ; Untyped        ;
; WIDTH_ECCSTATUS                    ; 3                    ; Untyped        ;
; DEVICE_FAMILY                      ; Cyclone IV GX        ; Untyped        ;
; CBXI_PARAMETER                     ; altsyncram_c3h1      ; Untyped        ;
+------------------------------------+----------------------+----------------+
Note: In order to hide this table in the UI and the text report file, please set the "Show Parameter Settings in Synthesis Report" option in "Analysis and Synthesis Settings -> More Settings" to "Off".


+-----------------------------------------------------------------+
; altsyncram Parameter Settings by Entity Instance                ;
+-------------------------------------------+---------------------+
; Name                                      ; Value               ;
+-------------------------------------------+---------------------+
; Number of entity instances                ; 1                   ;
; Entity Instance                           ; altsyncram:kb_rtl_0 ;
;     -- OPERATION_MODE                     ; DUAL_PORT           ;
;     -- WIDTH_A                            ; 128                 ;
;     -- NUMWORDS_A                         ; 11                  ;
;     -- OUTDATA_REG_A                      ; UNREGISTERED        ;
;     -- WIDTH_B                            ; 128                 ;
;     -- NUMWORDS_B                         ; 11                  ;
;     -- ADDRESS_REG_B                      ; CLOCK0              ;
;     -- OUTDATA_REG_B                      ; UNREGISTERED        ;
;     -- RAM_BLOCK_TYPE                     ; AUTO                ;
;     -- READ_DURING_WRITE_MODE_MIXED_PORTS ; OLD_DATA            ;
+-------------------------------------------+---------------------+


+-----------------------------------------------------+
; Post-Synthesis Netlist Statistics for Top Partition ;
+-----------------------+-----------------------------+
; Type                  ; Count                       ;
+-----------------------+-----------------------------+
; boundary_port         ; 389                         ;
; cycloneiii_ff         ; 536                         ;
;     ENA               ; 132                         ;
;     SCLR              ; 8                           ;
;     SLD               ; 129                         ;
;     plain             ; 267                         ;
; cycloneiii_lcell_comb ; 4989                        ;
;     arith             ; 3                           ;
;         2 data inputs ; 2                           ;
;         3 data inputs ; 1                           ;
;     normal            ; 4986                        ;
;         1 data inputs ; 1                           ;
;         2 data inputs ; 203                         ;
;         3 data inputs ; 139                         ;
;         4 data inputs ; 4643                        ;
; cycloneiii_ram_block  ; 128                         ;
;                       ;                             ;
; Max LUT depth         ; 11.00                       ;
; Average LUT depth     ; 7.70                        ;
+-----------------------+-----------------------------+


+-------------------------------+
; Elapsed Time Per Partition    ;
+----------------+--------------+
; Partition Name ; Elapsed Time ;
+----------------+--------------+
; Top            ; 00:00:53     ;
+----------------+--------------+


+-------------------------------+
; Analysis & Synthesis Messages ;
+-------------------------------+
Info: *******************************************************************
Info: Running Quartus II 64-Bit Analysis & Synthesis
    Info: Version 14.0.0 Build 200 06/17/2014 SJ Full Version
    Info: Processing started: Mon Dec  8 14:44:49 2014
Info: Command: quartus_map --read_settings_files=on --write_settings_files=off aes_decrypt -c aes_decrypt
Info (11104): Parallel Compilation has detected 8 hyper-threaded processors. However, the extra hyper-threaded processors will not be used by default. Parallel Compilation will use 4 of the 4 physical processors detected instead.
Info (12021): Found 1 design units, including 1 entities, in source file /home/bony/Workspace/PhD/CipherCloud_FPGA/altera/de2i-150/AES_Decrypt/rtl/aes_sbox.v
    Info (12023): Found entity 1: aes_sbox
Info (12021): Found 1 design units, including 1 entities, in source file /home/bony/Workspace/PhD/CipherCloud_FPGA/altera/de2i-150/AES_Decrypt/rtl/aes_rcon.v
    Info (12023): Found entity 1: aes_rcon
Info (12021): Found 1 design units, including 1 entities, in source file /home/bony/Workspace/PhD/CipherCloud_FPGA/altera/de2i-150/AES_Decrypt/rtl/aes_key_expand_128.v
    Info (12023): Found entity 1: aes_key_expand_128
Info (12021): Found 1 design units, including 1 entities, in source file /home/bony/Workspace/PhD/CipherCloud_FPGA/altera/de2i-150/AES_Decrypt/rtl/aes_inv_sbox.v
    Info (12023): Found entity 1: aes_inv_sbox
Info (12021): Found 1 design units, including 1 entities, in source file /home/bony/Workspace/PhD/CipherCloud_FPGA/altera/de2i-150/AES_Decrypt/rtl/aes_inv_cipher_top.v
    Info (12023): Found entity 1: aes_inv_cipher_top
Info (12127): Elaborating entity "aes_inv_cipher_top" for the top level hierarchy
Warning (10036): Verilog HDL or VHDL warning at aes_inv_cipher_top.v(271): object "kdone" assigned a value but never read
Info (12128): Elaborating entity "aes_key_expand_128" for hierarchy "aes_key_expand_128:u0"
Info (12128): Elaborating entity "aes_sbox" for hierarchy "aes_key_expand_128:u0|aes_sbox:u0"
Info (12128): Elaborating entity "aes_rcon" for hierarchy "aes_key_expand_128:u0|aes_rcon:r0"
Info (12128): Elaborating entity "aes_inv_sbox" for hierarchy "aes_inv_sbox:us00"
Info (19000): Inferred 1 megafunctions from design logic
    Info (276029): Inferred altsyncram megafunction from the following design logic: "kb_rtl_0" 
        Info (286033): Parameter OPERATION_MODE set to DUAL_PORT
        Info (286033): Parameter WIDTH_A set to 128
        Info (286033): Parameter WIDTHAD_A set to 4
        Info (286033): Parameter NUMWORDS_A set to 11
        Info (286033): Parameter WIDTH_B set to 128
        Info (286033): Parameter WIDTHAD_B set to 4
        Info (286033): Parameter NUMWORDS_B set to 11
        Info (286033): Parameter ADDRESS_ACLR_A set to NONE
        Info (286033): Parameter OUTDATA_REG_B set to UNREGISTERED
        Info (286033): Parameter ADDRESS_ACLR_B set to NONE
        Info (286033): Parameter OUTDATA_ACLR_B set to NONE
        Info (286033): Parameter ADDRESS_REG_B set to CLOCK0
        Info (286033): Parameter INDATA_ACLR_A set to NONE
        Info (286033): Parameter WRCONTROL_ACLR_A set to NONE
        Info (286033): Parameter READ_DURING_WRITE_MODE_MIXED_PORTS set to OLD_DATA
Info (12130): Elaborated megafunction instantiation "altsyncram:kb_rtl_0"
Info (12133): Instantiated megafunction "altsyncram:kb_rtl_0" with the following parameter:
    Info (12134): Parameter "OPERATION_MODE" = "DUAL_PORT"
    Info (12134): Parameter "WIDTH_A" = "128"
    Info (12134): Parameter "WIDTHAD_A" = "4"
    Info (12134): Parameter "NUMWORDS_A" = "11"
    Info (12134): Parameter "WIDTH_B" = "128"
    Info (12134): Parameter "WIDTHAD_B" = "4"
    Info (12134): Parameter "NUMWORDS_B" = "11"
    Info (12134): Parameter "ADDRESS_ACLR_A" = "NONE"
    Info (12134): Parameter "OUTDATA_REG_B" = "UNREGISTERED"
    Info (12134): Parameter "ADDRESS_ACLR_B" = "NONE"
    Info (12134): Parameter "OUTDATA_ACLR_B" = "NONE"
    Info (12134): Parameter "ADDRESS_REG_B" = "CLOCK0"
    Info (12134): Parameter "INDATA_ACLR_A" = "NONE"
    Info (12134): Parameter "WRCONTROL_ACLR_A" = "NONE"
    Info (12134): Parameter "READ_DURING_WRITE_MODE_MIXED_PORTS" = "OLD_DATA"
Info (12021): Found 1 design units, including 1 entities, in source file db/altsyncram_c3h1.tdf
    Info (12023): Found entity 1: altsyncram_c3h1
Info (286030): Timing-Driven Synthesis is running
Info (16010): Generating hard_block partition "hard_block:auto_generated_inst"
    Info (16011): Adding 0 node(s), including 0 DDIO, 0 PLL, 0 transceiver and 0 LCELL
Info (21057): Implemented 5793 device resources after synthesis - the final resource count might be different
    Info (21058): Implemented 260 input pins
    Info (21059): Implemented 129 output pins
    Info (21061): Implemented 5276 logic cells
    Info (21064): Implemented 128 RAM segments
Info: Quartus II 64-Bit Analysis & Synthesis was successful. 0 errors, 1 warning
    Info: Peak virtual memory: 953 megabytes
    Info: Processing ended: Mon Dec  8 14:45:44 2014
    Info: Elapsed time: 00:00:55
    Info: Total CPU time (on all processors): 00:00:55


