Analysis & Synthesis report for aes_encrypt
Mon Dec  8 15:04:15 2014
Quartus II 64-Bit Version 14.0.0 Build 200 06/17/2014 SJ Full Version


---------------------
; Table of Contents ;
---------------------
  1. Legal Notice
  2. Analysis & Synthesis Summary
  3. Analysis & Synthesis Settings
  4. Parallel Compilation
  5. Analysis & Synthesis Source Files Read
  6. Analysis & Synthesis Resource Usage Summary
  7. Analysis & Synthesis Resource Utilization by Entity
  8. Registers Removed During Synthesis
  9. General Register Statistics
 10. Multiplexer Restructuring Statistics (Restructuring Performed)
 11. Post-Synthesis Netlist Statistics for Top Partition
 12. Elapsed Time Per Partition
 13. Analysis & Synthesis Messages



----------------
; Legal Notice ;
----------------
Copyright (C) 1991-2014 Altera Corporation. All rights reserved.
Your use of Altera Corporation's design tools, logic functions 
and other software and tools, and its AMPP partner logic 
functions, and any output files from any of the foregoing 
(including device programming or simulation files), and any 
associated documentation or information are expressly subject 
to the terms and conditions of the Altera Program License 
Subscription Agreement, the Altera Quartus II License Agreement,
the Altera MegaCore Function License Agreement, or other 
applicable license agreement, including, without limitation, 
that your use is for the sole purpose of programming logic 
devices manufactured by Altera and sold by Altera or its 
authorized distributors.  Please refer to the applicable 
agreement for further details.



+----------------------------------------------------------------------------------+
; Analysis & Synthesis Summary                                                     ;
+------------------------------------+---------------------------------------------+
; Analysis & Synthesis Status        ; Successful - Mon Dec  8 15:04:15 2014       ;
; Quartus II 64-Bit Version          ; 14.0.0 Build 200 06/17/2014 SJ Full Version ;
; Revision Name                      ; aes_encrypt                                 ;
; Top-level Entity Name              ; aes_cipher_top                              ;
; Family                             ; Cyclone IV GX                               ;
; Total logic elements               ; 4,941                                       ;
;     Total combinational functions  ; 4,812                                       ;
;     Dedicated logic registers      ; 530                                         ;
; Total registers                    ; 530                                         ;
; Total pins                         ; 388                                         ;
; Total virtual pins                 ; 0                                           ;
; Total memory bits                  ; 0                                           ;
; Embedded Multiplier 9-bit elements ; 0                                           ;
; Total GXB Receiver Channel PCS     ; 0                                           ;
; Total GXB Receiver Channel PMA     ; 0                                           ;
; Total GXB Transmitter Channel PCS  ; 0                                           ;
; Total GXB Transmitter Channel PMA  ; 0                                           ;
; Total PLLs                         ; 0                                           ;
+------------------------------------+---------------------------------------------+


+----------------------------------------------------------------------------------------------------------------------+
; Analysis & Synthesis Settings                                                                                        ;
+----------------------------------------------------------------------------+--------------------+--------------------+
; Option                                                                     ; Setting            ; Default Value      ;
+----------------------------------------------------------------------------+--------------------+--------------------+
; Device                                                                     ; EP4CGX150DF31C7    ;                    ;
; Top-level entity name                                                      ; aes_cipher_top     ; aes_encrypt        ;
; Family name                                                                ; Cyclone IV GX      ; Cyclone IV GX      ;
; Use smart compilation                                                      ; Off                ; Off                ;
; Enable parallel Assembler and TimeQuest Timing Analyzer during compilation ; On                 ; On                 ;
; Enable compact report table                                                ; Off                ; Off                ;
; Restructure Multiplexers                                                   ; Auto               ; Auto               ;
; Create Debugging Nodes for IP Cores                                        ; Off                ; Off                ;
; Preserve fewer node names                                                  ; On                 ; On                 ;
; Disable OpenCore Plus hardware evaluation                                  ; Off                ; Off                ;
; Verilog Version                                                            ; Verilog_2001       ; Verilog_2001       ;
; VHDL Version                                                               ; VHDL_1993          ; VHDL_1993          ;
; State Machine Processing                                                   ; Auto               ; Auto               ;
; Safe State Machine                                                         ; Off                ; Off                ;
; Extract Verilog State Machines                                             ; On                 ; On                 ;
; Extract VHDL State Machines                                                ; On                 ; On                 ;
; Ignore Verilog initial constructs                                          ; Off                ; Off                ;
; Iteration limit for constant Verilog loops                                 ; 5000               ; 5000               ;
; Iteration limit for non-constant Verilog loops                             ; 250                ; 250                ;
; Add Pass-Through Logic to Inferred RAMs                                    ; On                 ; On                 ;
; Infer RAMs from Raw Logic                                                  ; On                 ; On                 ;
; Parallel Synthesis                                                         ; On                 ; On                 ;
; DSP Block Balancing                                                        ; Auto               ; Auto               ;
; NOT Gate Push-Back                                                         ; On                 ; On                 ;
; Power-Up Don't Care                                                        ; On                 ; On                 ;
; Remove Redundant Logic Cells                                               ; Off                ; Off                ;
; Remove Duplicate Registers                                                 ; On                 ; On                 ;
; Ignore CARRY Buffers                                                       ; Off                ; Off                ;
; Ignore CASCADE Buffers                                                     ; Off                ; Off                ;
; Ignore GLOBAL Buffers                                                      ; Off                ; Off                ;
; Ignore ROW GLOBAL Buffers                                                  ; Off                ; Off                ;
; Ignore LCELL Buffers                                                       ; Off                ; Off                ;
; Ignore SOFT Buffers                                                        ; On                 ; On                 ;
; Limit AHDL Integers to 32 Bits                                             ; Off                ; Off                ;
; Optimization Technique                                                     ; Balanced           ; Balanced           ;
; Carry Chain Length                                                         ; 70                 ; 70                 ;
; Auto Carry Chains                                                          ; On                 ; On                 ;
; Auto Open-Drain Pins                                                       ; On                 ; On                 ;
; Perform WYSIWYG Primitive Resynthesis                                      ; Off                ; Off                ;
; Auto ROM Replacement                                                       ; On                 ; On                 ;
; Auto RAM Replacement                                                       ; On                 ; On                 ;
; Auto DSP Block Replacement                                                 ; On                 ; On                 ;
; Auto Shift Register Replacement                                            ; Auto               ; Auto               ;
; Allow Shift Register Merging across Hierarchies                            ; Auto               ; Auto               ;
; Auto Clock Enable Replacement                                              ; On                 ; On                 ;
; Strict RAM Replacement                                                     ; Off                ; Off                ;
; Allow Synchronous Control Signals                                          ; On                 ; On                 ;
; Force Use of Synchronous Clear Signals                                     ; Off                ; Off                ;
; Auto RAM Block Balancing                                                   ; On                 ; On                 ;
; Auto RAM to Logic Cell Conversion                                          ; Off                ; Off                ;
; Auto Resource Sharing                                                      ; Off                ; Off                ;
; Allow Any RAM Size For Recognition                                         ; Off                ; Off                ;
; Allow Any ROM Size For Recognition                                         ; Off                ; Off                ;
; Allow Any Shift Register Size For Recognition                              ; Off                ; Off                ;
; Use LogicLock Constraints during Resource Balancing                        ; On                 ; On                 ;
; Ignore translate_off and synthesis_off directives                          ; Off                ; Off                ;
; Timing-Driven Synthesis                                                    ; On                 ; On                 ;
; Report Parameter Settings                                                  ; On                 ; On                 ;
; Report Source Assignments                                                  ; On                 ; On                 ;
; Report Connectivity Checks                                                 ; On                 ; On                 ;
; Ignore Maximum Fan-Out Assignments                                         ; Off                ; Off                ;
; Synchronization Register Chain Length                                      ; 2                  ; 2                  ;
; PowerPlay Power Optimization                                               ; Normal compilation ; Normal compilation ;
; HDL message level                                                          ; Level2             ; Level2             ;
; Suppress Register Optimization Related Messages                            ; Off                ; Off                ;
; Number of Removed Registers Reported in Synthesis Report                   ; 5000               ; 5000               ;
; Number of Swept Nodes Reported in Synthesis Report                         ; 5000               ; 5000               ;
; Number of Inverted Registers Reported in Synthesis Report                  ; 100                ; 100                ;
; Clock MUX Protection                                                       ; On                 ; On                 ;
; Auto Gated Clock Conversion                                                ; Off                ; Off                ;
; Block Design Naming                                                        ; Auto               ; Auto               ;
; SDC constraint protection                                                  ; Off                ; Off                ;
; Synthesis Effort                                                           ; Auto               ; Auto               ;
; Shift Register Replacement - Allow Asynchronous Clear Signal               ; On                 ; On                 ;
; Pre-Mapping Resynthesis Optimization                                       ; Off                ; Off                ;
; Analysis & Synthesis Message Level                                         ; Medium             ; Medium             ;
; Disable Register Merging Across Hierarchies                                ; Auto               ; Auto               ;
; Resource Aware Inference For Block RAM                                     ; On                 ; On                 ;
; Synthesis Seed                                                             ; 1                  ; 1                  ;
+----------------------------------------------------------------------------+--------------------+--------------------+


+------------------------------------------+
; Parallel Compilation                     ;
+----------------------------+-------------+
; Processors                 ; Number      ;
+----------------------------+-------------+
; Number detected on machine ; 8           ;
; Maximum allowed            ; 4           ;
;                            ;             ;
; Average used               ; 1.00        ;
; Maximum used               ; 4           ;
;                            ;             ;
; Usage by Processor         ; % Time Used ;
;     Processor 1            ; 100.0%      ;
;     Processors 2-4         ; < 0.1%      ;
;     Processors 5-8         ;   0.0%      ;
+----------------------------+-------------+


+---------------------------------------------------------------------------------------------------------------------------------------------------------------------------------------------------------------------------------------------------+
; Analysis & Synthesis Source Files Read                                                                                                                                                                                                            ;
+---------------------------------------------------------------------------------------+-----------------+------------------------------+------------------------------------------------------------------------------------------------+---------+
; File Name with User-Entered Path                                                      ; Used in Netlist ; File Type                    ; File Name with Absolute Path                                                                   ; Library ;
+---------------------------------------------------------------------------------------+-----------------+------------------------------+------------------------------------------------------------------------------------------------+---------+
; ../rtl/aes_sbox.v                                                                     ; yes             ; User Verilog HDL File        ; /home/bony/Workspace/PhD/CipherCloud_FPGA/altera/de2i-150/AES_Encrypt/rtl/aes_sbox.v           ;         ;
; ../rtl/aes_rcon.v                                                                     ; yes             ; User Verilog HDL File        ; /home/bony/Workspace/PhD/CipherCloud_FPGA/altera/de2i-150/AES_Encrypt/rtl/aes_rcon.v           ;         ;
; ../rtl/aes_key_expand_128.v                                                           ; yes             ; User Verilog HDL File        ; /home/bony/Workspace/PhD/CipherCloud_FPGA/altera/de2i-150/AES_Encrypt/rtl/aes_key_expand_128.v ;         ;
; ../rtl/aes_cipher_top.v                                                               ; yes             ; User Verilog HDL File        ; /home/bony/Workspace/PhD/CipherCloud_FPGA/altera/de2i-150/AES_Encrypt/rtl/aes_cipher_top.v     ;         ;
; /home/bony/Workspace/PhD/CipherCloud_FPGA/altera/de2i-150/AES_Encrypt/rtl/timescale.v ; yes             ; Auto-Found Verilog HDL File  ; /home/bony/Workspace/PhD/CipherCloud_FPGA/altera/de2i-150/AES_Encrypt/rtl/timescale.v          ;         ;
+---------------------------------------------------------------------------------------+-----------------+------------------------------+------------------------------------------------------------------------------------------------+---------+


+---------------------------------------------+
; Analysis & Synthesis Resource Usage Summary ;
+--------------------------+------------------+
; Resource                 ; Usage            ;
+--------------------------+------------------+
; I/O pins                 ; 388              ;
; DSP block 9-bit elements ; 0                ;
; Maximum fan-out node     ; clk~input        ;
; Maximum fan-out          ; 530              ;
; Total fan-out            ; 20684            ;
; Average fan-out          ; 3.38             ;
+--------------------------+------------------+


+-----------------------------------------------------------------------------------------------------------------------------------------------------------------------------------------------------------------------+
; Analysis & Synthesis Resource Utilization by Entity                                                                                                                                                                   ;
+----------------------------+-------------------+--------------+-------------+--------------+---------+-----------+-----------+------+--------------+---------------------------------------------------+--------------+
; Compilation Hierarchy Node ; LC Combinationals ; LC Registers ; Memory Bits ; DSP Elements ; DSP 9x9 ; DSP 18x18 ; DSP 36x36 ; Pins ; Virtual Pins ; Full Hierarchy Name                               ; Library Name ;
+----------------------------+-------------------+--------------+-------------+--------------+---------+-----------+-----------+------+--------------+---------------------------------------------------+--------------+
; |aes_cipher_top            ; 4812 (512)        ; 530 (390)    ; 0           ; 0            ; 0       ; 0         ; 0         ; 388  ; 0            ; |aes_cipher_top                                   ; work         ;
;    |aes_key_expand_128:u0| ; 972 (128)         ; 140 (128)    ; 0           ; 0            ; 0       ; 0         ; 0         ; 0    ; 0            ; |aes_cipher_top|aes_key_expand_128:u0             ; work         ;
;       |aes_rcon:r0|        ; 12 (12)           ; 12 (12)      ; 0           ; 0            ; 0       ; 0         ; 0         ; 0    ; 0            ; |aes_cipher_top|aes_key_expand_128:u0|aes_rcon:r0 ; work         ;
;       |aes_sbox:u0|        ; 208 (208)         ; 0 (0)        ; 0           ; 0            ; 0       ; 0         ; 0         ; 0    ; 0            ; |aes_cipher_top|aes_key_expand_128:u0|aes_sbox:u0 ; work         ;
;       |aes_sbox:u1|        ; 208 (208)         ; 0 (0)        ; 0           ; 0            ; 0       ; 0         ; 0         ; 0    ; 0            ; |aes_cipher_top|aes_key_expand_128:u0|aes_sbox:u1 ; work         ;
;       |aes_sbox:u2|        ; 208 (208)         ; 0 (0)        ; 0           ; 0            ; 0       ; 0         ; 0         ; 0    ; 0            ; |aes_cipher_top|aes_key_expand_128:u0|aes_sbox:u2 ; work         ;
;       |aes_sbox:u3|        ; 208 (208)         ; 0 (0)        ; 0           ; 0            ; 0       ; 0         ; 0         ; 0    ; 0            ; |aes_cipher_top|aes_key_expand_128:u0|aes_sbox:u3 ; work         ;
;    |aes_sbox:us00|         ; 208 (208)         ; 0 (0)        ; 0           ; 0            ; 0       ; 0         ; 0         ; 0    ; 0            ; |aes_cipher_top|aes_sbox:us00                     ; work         ;
;    |aes_sbox:us01|         ; 208 (208)         ; 0 (0)        ; 0           ; 0            ; 0       ; 0         ; 0         ; 0    ; 0            ; |aes_cipher_top|aes_sbox:us01                     ; work         ;
;    |aes_sbox:us02|         ; 208 (208)         ; 0 (0)        ; 0           ; 0            ; 0       ; 0         ; 0         ; 0    ; 0            ; |aes_cipher_top|aes_sbox:us02                     ; work         ;
;    |aes_sbox:us03|         ; 208 (208)         ; 0 (0)        ; 0           ; 0            ; 0       ; 0         ; 0         ; 0    ; 0            ; |aes_cipher_top|aes_sbox:us03                     ; work         ;
;    |aes_sbox:us10|         ; 208 (208)         ; 0 (0)        ; 0           ; 0            ; 0       ; 0         ; 0         ; 0    ; 0            ; |aes_cipher_top|aes_sbox:us10                     ; work         ;
;    |aes_sbox:us11|         ; 208 (208)         ; 0 (0)        ; 0           ; 0            ; 0       ; 0         ; 0         ; 0    ; 0            ; |aes_cipher_top|aes_sbox:us11                     ; work         ;
;    |aes_sbox:us12|         ; 208 (208)         ; 0 (0)        ; 0           ; 0            ; 0       ; 0         ; 0         ; 0    ; 0            ; |aes_cipher_top|aes_sbox:us12                     ; work         ;
;    |aes_sbox:us13|         ; 208 (208)         ; 0 (0)        ; 0           ; 0            ; 0       ; 0         ; 0         ; 0    ; 0            ; |aes_cipher_top|aes_sbox:us13                     ; work         ;
;    |aes_sbox:us20|         ; 208 (208)         ; 0 (0)        ; 0           ; 0            ; 0       ; 0         ; 0         ; 0    ; 0            ; |aes_cipher_top|aes_sbox:us20                     ; work         ;
;    |aes_sbox:us21|         ; 208 (208)         ; 0 (0)        ; 0           ; 0            ; 0       ; 0         ; 0         ; 0    ; 0            ; |aes_cipher_top|aes_sbox:us21                     ; work         ;
;    |aes_sbox:us22|         ; 208 (208)         ; 0 (0)        ; 0           ; 0            ; 0       ; 0         ; 0         ; 0    ; 0            ; |aes_cipher_top|aes_sbox:us22                     ; work         ;
;    |aes_sbox:us23|         ; 208 (208)         ; 0 (0)        ; 0           ; 0            ; 0       ; 0         ; 0         ; 0    ; 0            ; |aes_cipher_top|aes_sbox:us23                     ; work         ;
;    |aes_sbox:us30|         ; 208 (208)         ; 0 (0)        ; 0           ; 0            ; 0       ; 0         ; 0         ; 0    ; 0            ; |aes_cipher_top|aes_sbox:us30                     ; work         ;
;    |aes_sbox:us31|         ; 208 (208)         ; 0 (0)        ; 0           ; 0            ; 0       ; 0         ; 0         ; 0    ; 0            ; |aes_cipher_top|aes_sbox:us31                     ; work         ;
;    |aes_sbox:us32|         ; 208 (208)         ; 0 (0)        ; 0           ; 0            ; 0       ; 0         ; 0         ; 0    ; 0            ; |aes_cipher_top|aes_sbox:us32                     ; work         ;
;    |aes_sbox:us33|         ; 208 (208)         ; 0 (0)        ; 0           ; 0            ; 0       ; 0         ; 0         ; 0    ; 0            ; |aes_cipher_top|aes_sbox:us33                     ; work         ;
+----------------------------+-------------------+--------------+-------------+--------------+---------+-----------+-----------+------+--------------+---------------------------------------------------+--------------+
Note: For table entries with two numbers listed, the numbers in parentheses indicate the number of resources of the given type used by the specific entity alone. The numbers listed outside of parentheses indicate the total resources of the given type used by the specific entity and all of its sub-entities in the hierarchy.


+---------------------------------------------------------------------------------------+
; Registers Removed During Synthesis                                                    ;
+----------------------------------------------+----------------------------------------+
; Register name                                ; Reason for Removal                     ;
+----------------------------------------------+----------------------------------------+
; aes_key_expand_128:u0|aes_rcon:r0|out[0..23] ; Stuck at GND due to stuck port data_in ;
; Total Number of Removed Registers = 24       ;                                        ;
+----------------------------------------------+----------------------------------------+


+------------------------------------------------------+
; General Register Statistics                          ;
+----------------------------------------------+-------+
; Statistic                                    ; Value ;
+----------------------------------------------+-------+
; Total registers                              ; 530   ;
; Number of registers using Synchronous Clear  ; 8     ;
; Number of registers using Synchronous Load   ; 129   ;
; Number of registers using Asynchronous Clear ; 0     ;
; Number of registers using Asynchronous Load  ; 0     ;
; Number of registers using Clock Enable       ; 128   ;
; Number of registers using Preset             ; 0     ;
+----------------------------------------------+-------+


+------------------------------------------------------------------------------------------------------------------------------------------+
; Multiplexer Restructuring Statistics (Restructuring Performed)                                                                           ;
+--------------------+-----------+---------------+----------------------+------------------------+------------+----------------------------+
; Multiplexer Inputs ; Bus Width ; Baseline Area ; Area if Restructured ; Saving if Restructured ; Registered ; Example Multiplexer Output ;
+--------------------+-----------+---------------+----------------------+------------------------+------------+----------------------------+
; 4:1                ; 4 bits    ; 8 LEs         ; 8 LEs                ; 0 LEs                  ; Yes        ; |aes_cipher_top|dcnt[1]    ;
+--------------------+-----------+---------------+----------------------+------------------------+------------+----------------------------+


+-----------------------------------------------------+
; Post-Synthesis Netlist Statistics for Top Partition ;
+-----------------------+-----------------------------+
; Type                  ; Count                       ;
+-----------------------+-----------------------------+
; boundary_port         ; 388                         ;
; cycloneiii_ff         ; 530                         ;
;     ENA               ; 128                         ;
;     SCLR              ; 8                           ;
;     SLD               ; 129                         ;
;     plain             ; 265                         ;
; cycloneiii_lcell_comb ; 4812                        ;
;     normal            ; 4812                        ;
;         2 data inputs ; 191                         ;
;         3 data inputs ; 152                         ;
;         4 data inputs ; 4469                        ;
;                       ;                             ;
; Max LUT depth         ; 8.00                        ;
; Average LUT depth     ; 6.23                        ;
+-----------------------+-----------------------------+


+-------------------------------+
; Elapsed Time Per Partition    ;
+----------------+--------------+
; Partition Name ; Elapsed Time ;
+----------------+--------------+
; Top            ; 00:00:51     ;
+----------------+--------------+


+-------------------------------+
; Analysis & Synthesis Messages ;
+-------------------------------+
Info: *******************************************************************
Info: Running Quartus II 64-Bit Analysis & Synthesis
    Info: Version 14.0.0 Build 200 06/17/2014 SJ Full Version
    Info: Processing started: Mon Dec  8 15:03:22 2014
Info: Command: quartus_map --read_settings_files=on --write_settings_files=off aes_encrypt -c aes_encrypt
Info (11104): Parallel Compilation has detected 8 hyper-threaded processors. However, the extra hyper-threaded processors will not be used by default. Parallel Compilation will use 4 of the 4 physical processors detected instead.
Info (12021): Found 1 design units, including 1 entities, in source file /home/bony/Workspace/PhD/CipherCloud_FPGA/altera/de2i-150/AES_Encrypt/rtl/aes_sbox.v
    Info (12023): Found entity 1: aes_sbox
Info (12021): Found 1 design units, including 1 entities, in source file /home/bony/Workspace/PhD/CipherCloud_FPGA/altera/de2i-150/AES_Encrypt/rtl/aes_rcon.v
    Info (12023): Found entity 1: aes_rcon
Info (12021): Found 1 design units, including 1 entities, in source file /home/bony/Workspace/PhD/CipherCloud_FPGA/altera/de2i-150/AES_Encrypt/rtl/aes_key_expand_128.v
    Info (12023): Found entity 1: aes_key_expand_128
Info (12021): Found 1 design units, including 1 entities, in source file /home/bony/Workspace/PhD/CipherCloud_FPGA/altera/de2i-150/AES_Encrypt/rtl/aes_cipher_top.v
    Info (12023): Found entity 1: aes_cipher_top
Info (12127): Elaborating entity "aes_cipher_top" for the top level hierarchy
Info (12128): Elaborating entity "aes_key_expand_128" for hierarchy "aes_key_expand_128:u0"
Info (12128): Elaborating entity "aes_sbox" for hierarchy "aes_key_expand_128:u0|aes_sbox:u0"
Info (12128): Elaborating entity "aes_rcon" for hierarchy "aes_key_expand_128:u0|aes_rcon:r0"
Info (286030): Timing-Driven Synthesis is running
Info (16010): Generating hard_block partition "hard_block:auto_generated_inst"
    Info (16011): Adding 0 node(s), including 0 DDIO, 0 PLL, 0 transceiver and 0 LCELL
Info (21057): Implemented 5361 device resources after synthesis - the final resource count might be different
    Info (21058): Implemented 259 input pins
    Info (21059): Implemented 129 output pins
    Info (21061): Implemented 4973 logic cells
Info: Quartus II 64-Bit Analysis & Synthesis was successful. 0 errors, 0 warnings
    Info: Peak virtual memory: 932 megabytes
    Info: Processing ended: Mon Dec  8 15:04:15 2014
    Info: Elapsed time: 00:00:53
    Info: Total CPU time (on all processors): 00:00:53


